tcp://213.24.64.138:80
tcp://213.24.64.138:443
https://lkdr.nalog.gov.ru
https://lkfl2.nalog.ru
tcp://213.24.64.175:80
tcp://213.24.64.175:443
https://v1.ru
http://v1.ru
tcp://195.19.220.27:443
tcp://195.19.220.27:80
tcp://195.19.220.27:22
https://ya62.ru
http://ya62.ru
tcp://178.208.71.12:80
tcp://178.208.71.12:443
tcp://178.208.71.12:21
tcp://178.208.71.12:22
tcp://178.208.71.12:53
tcp://178.208.71.12:143
tcp://178.208.71.12:110
tcp://178.208.71.12:25
https://studio.rutube.ru
https://forumspb.com/en/news/
https://best-practices.roscongress.org/
tcp://78.155.198.18:80
tcp://78.155.198.18:443

https://dom.gosuslugi.ru 
https://my.dom.gosuslugi.ru 
https://www.gosuslugi.ru/api/search/v1/search/tabs?query=ru&size=100 
https://www.gosuslugi.ru/api/search-autocomplete/?q=ru 
https://www.gosuslugi.ru/api/cms/v2/faq/categories/personal_documents 
https://www.gosuslugi.ru/api/nsi/v1/epgu/region/?pageNum=0&pageSize=1000&q=%D0%BC%D0%BE%D1%81 
https://www.gosuslugi.ru/api/search/v1/search?from=1&query=ru&size=1000&recipient=PERSON&serviceType=FEDERAL 
https://www.gosuslugi.ru/api/cms/v2/faq/categories/about_gosuslugi 
https://www.gosuslugi.ru/api/catalog/v3/srfile/298/download?version=2 
https://www.gosuslugi.ru/api/mainpage/v4/?type=person®ion=00000000005 
https://www.gosuslugi.ru/api/quadrupel/v1/banners/?groups=main_info_place%2Cmain_advertising_place%2Cmain_header_banner&platform=EPGUV3_DESK®ion=00000000009 
https://www.gosuslugi.ru/api/quadrupel/v1/banners/?groups=main_info_place%2Cmain_advert/ising_place%2Cmain_header_banner&platform=EPGUV3_DESK®ion=00000000009 
https://pos.gosuslugi.ru 
https://esia.gosuslugi.ru 
https://ds-plugin.gosuslugi.ru 
https://esia-help.gosuslugi.ru 
https://esia.gslb.gosuslugi.ru 
https://esia-beta.gosuslugi.ru 
https://esia-old.gosuslugi.ru 
https://esia.gosuslugi.ru/esia-rs/api/public/v1/pwd/check?lang=ru 
https://esia.gosuslugi.ru/registration/api/public/v1/banks 
https://e-trust.gosuslugi.ru 
https://lk.gosuslugi.ru 
https://lk.gslb.gosuslugi.ru 
https://guides.gosuslugi.ru 
https://detsad.gosuslugi.ru 
https://regbusiness.gosuslugi.ru 
https://partners.gosuslugi.ru 
https://partner.gosuslugi.ru 
https://sreda.dom.gosuslugi.ru 
https://map.gosuslugi.ru/map/co 
https://roles.gslb.gosuslugi.ru 
https://roles.gosuslugi.ru 
https://posobie2020.gosuslugi.ru 
https://propusk.gosuslugi.ru 
https://party.gosuslugi.ru 
https://freeinternet.gosuslugi.ru 
https://profidigital.gosuslugi.ru 
https://review.gosuslugi.ru 
https://mobiz.gosuslugi.ru 
https://culture.gosuslugi.ru 
https://fc.gosuslugi.ru 
https://eln.gosuslugi.ru 
https://deg.gosuslugi.ru 
https://knd.gosuslugi.ru 
https://smev3.gosuslugi.ru 
https://posobie2021.gosuslugi.ru 
https://do.gosuslugi.ru 
https://210.gosuslugi.ru 
https://lk.mta.gosuslugi.ru 
https://m.dom.gosuslugi.ru 
https://gateway.gosuslugi.ru 
https://static.gosuslugi.ru 
https://special.gosuslugi.ru 
https://betarc-static.gosuslugi.ru 
https://erul.gosuslugi.ru 
https://kcr.gosuslugi.ru 
https://ervk.gosuslugi.ru 
https://pixel.gslb.gosuslugi.ru 
https://pixel.gosuslugi.ru 
https://skuf-portal.gosuslugi.ru 
https://invest-old.gosuslugi.ru 
https://opros.gosuslugi.ru 
https://gosweb-beta.gosuslugi.ru 
https://old-invest.gosuslugi.ru 
https://invest.gosuslugi.ru 
https://gosweb-beta1.gosuslugi.ru 
https://gosweb-bt.gosuslugi.ru 
https://forum-gosweb.gosuslugi.ru 
https://pushka.gosuslugi.ru 
https://mail.gosuslugi.ru 
https://mx.gosuslugi.ru 
https://pay.gosuslugi.ru 
https://infomat.gosuslugi.ru 
https://ns2.gslb.gosuslugi.ru 
https://mta.gosuslugi.ru 
https://track.mta.gosuslugi.ru 
https://voter.gosuslugi.ru 
https://lkparty.gosuslugi.ru 
https://candidate.gosuslugi.ru 
https://elections.gosuslugi.ru 
https://lkuip.gosuslugi.ru 
https://commission.gosuslugi.ru 
https://ns2.gosuslugi.ru 
https://voxel.gosuslugi.ru 
https://voxel.gslb.gosuslugi.ru 
https://gudom.gosuslugi.ru 
https://mc-gudom.gosuslugi.ru 
https://ssp.gosuslugi.ru 
https://zdrav.gosuslugi.ru 
https://vkminiapp.gosuslugi.ru 
https://redash.gosuslugi.ru 
https://rta.gosuslugi.ru 
https://af.gosuslugi.ru 
https://opros.dom.gosuslugi.ru 
https://conference.dom.gosuslugi.ru 
https://fssp.gosuslugi.ru 
https://sts2014.gosuslugi.ru 
https://ep2.gosuslugi.ru 
http://gosbar.gosuslugi.ru 
https://beta-gosbar.gosuslugi.ru 
https://navigator.gosuslugi.ru 
https://iep-im.gosuslugi.ru 
https://im.gosuslugi.ru 
https://mailatc1.gosuslugi.ru 
https://iep-pos.gosuslugi.ru 
https://mb.gosuslugi.ru 
https://m.gosuslugi.ru 
https://image.mail.gosuslugi.ru 
https://ns1.gslb.gosuslugi.ru 
https://uat-static.gosuslugi.ru 
https://srgu.gosuslugi.ru 
https://rrgu2.gosuslugi.ru 
https://frgu.gosuslugi.ru 
https://rrgu1.gosuslugi.ru 
https://nprod.gosuslugi.ru 
https://gosweb.gosuslugi.ru 
https://ep.gosuslugi.ru 
https://lkorg.gosuslugi.ru 
https://smtp68.gosuslugi.ru 
https://ip.gosuslugi.ru 
https://infomat2.gosuslugi.ru 
https://smtp01.gosuslugi.ru 
https://nogolb.gosuslugi.ru 
https://tp.gosuslugi.ru 
https://skuf.gosuslugi.ru 
https://esnsi.gosuslugi.ru 
https://mx68.gosuslugi.ru 
http://techportal.gosuslugi.ru 
http://oewp-cms.gosuslugi.ru 
http://oewp.gosuslugi.ru 
https://sop.gosuslugi.ru 
https://info.gosuslugi.ru 
https://smev.gosuslugi.ru 
https://smev83.gosuslugi.ru 
https://smev33.gosuslugi.ru 
https://smev12.gosuslugi.ru 
https://smev38.gosuslugi.ru 
https://smev08.gosuslugi.ru 
https://smev47.gosuslugi.ru 
https://smev03.gosuslugi.ru 
https://smev02.gosuslugi.ru 
https://smev40.gosuslugi.ru 
https://smev10.gosuslugi.ru 
https://smev49.gosuslugi.ru 
https://smev66.gosuslugi.ru 
https://smev58.gosuslugi.ru 
https://smev19.gosuslugi.ru 
https://smev32.gosuslugi.ru 
https://smev78.gosuslugi.ru 
https://smev27.gosuslugi.ru 
https://smev44.gosuslugi.ru 
https://smev73.gosuslugi.ru 
https://smev57.gosuslugi.ru 
https://smev25.gosuslugi.ru 
https://smev23.gosuslugi.ru 
https://smev26.gosuslugi.ru 
https://smev55.gosuslugi.ru 
https://smev48.gosuslugi.ru 
https://smev76.gosuslugi.ru 
https://smev84.gosuslugi.ru 
https://smev04.gosuslugi.ru 
https://smev21.gosuslugi.ru 
https://smev88.gosuslugi.ru 
https://smev20.gosuslugi.ru 
https://smev60.gosuslugi.ru 
https://smev18.gosuslugi.ru 
https://smev63.gosuslugi.ru 
https://smev07.gosuslugi.ru 
https://smev87.gosuslugi.ru 
https://smev17.gosuslugi.ru 
https://smev43.gosuslugi.ru 
https://smev69.gosuslugi.ru 
https://smev15.gosuslugi.ru 
https://smev70.gosuslugi.ru 
https://smev62.gosuslugi.ru 
https://smev46.gosuslugi.ru 
https://smev85.gosuslugi.ru 
https://smev56.gosuslugi.ru 
https://smev86.gosuslugi.ru 
https://smev34.gosuslugi.ru 
https://smev54.gosuslugi.ru 
https://smev06.gosuslugi.ru 
https://smev42.gosuslugi.ru 
https://smev31.gosuslugi.ru 
https://smev36.gosuslugi.ru 
https://smev05.gosuslugi.ru 
https://smev61.gosuslugi.ru 
https://smev67.gosuslugi.ru 
https://smev41.gosuslugi.ru 
https://smev79.gosuslugi.ru 
https://smev45.gosuslugi.ru 
https://smev68.gosuslugi.ru 
https://smev35.gosuslugi.ru 
https://smev30.gosuslugi.ru 
https://smev29.gosuslugi.ru 
https://smev52.gosuslugi.ru 
https://smev09.gosuslugi.ru 
https://smev50.gosuslugi.ru 
https://smev77.gosuslugi.ru 
https://smev39.gosuslugi.ru 
https://smev22.gosuslugi.ru 
https://smev28.gosuslugi.ru 
https://smev64.gosuslugi.ru 
https://smev51.gosuslugi.ru 
https://smev16.gosuslugi.ru 
https://smev74.gosuslugi.ru 
https://smev75.gosuslugi.ru 
https://smev13.gosuslugi.ru 
https://smev89.gosuslugi.ru 
https://smev53.gosuslugi.ru 
https://smev59.gosuslugi.ru 
https://smev37.gosuslugi.ru 
https://smev80.gosuslugi.ru 
https://smev72.gosuslugi.ru 
https://smev65.gosuslugi.ru 
https://smev82.gosuslugi.ru 
https://smev01.gosuslugi.ru 
https://smev24.gosuslugi.ru 
https://smev71.gosuslugi.ru 
https://smev14.gosuslugi.ru 
https://smev11.gosuslugi.ru 
https://store-gudom.gosuslugi.ru 
https://geps.gosuslugi.ru 
https://read.mail.gosuslugi.ru 
https://widget.gosuslugi.ru 
https://ns1.gosuslugi.ru 
https://suggest.gosuslugi.ru 
https://api.dom.gosuslugi.ru 
https://lk.dom.gosuslugi.ru 
https://smtp.gosuslugi.ru 
https://payment.gosuslugi.ru 
https://gosuslugi.support 
https://uslugi.mosreg.ru/ 
https://www.mos.ru/ 
https://213.59.254.8 
https://esia.gosuslugi.ru/login/ 
https://esia.gosuslugi.ru/profile/esia-rs/api/public/v1/profile/config 
https://esia.gosuslugi.ru/profile/user/ 
https://www.gosuslugi.ru/api/search/v1/search?from=1&query=%D0%BC%D0%BE%D1%81%D0%BA%D0%B2%D0%B0&size=200&isOnline=true&userRegionOkato=00000000000&_=0.7027744864879425&epguType=service&serviceType=FEDERAL 
http://www.desnyanka.ru/ 
https://www.xn--32-6kc4bi9i.xn--p1ai/ 
http://www.guberniya.tv/ 
https://zeml-trub.ru/ 
http://www.vpered-pgr.ru/ 
https://voshod-surag.ru/ 
https://znamya-truda32.ru/ 
https://zhnews.ru/ 
https://gazeta-suzemka.ru/ 
http://vestnik-r.ru/ 
http://xn----7sbbdcrylc1ahd6a1as4e7b.xn--p1ai/ 
https://starodub-sv.ru/ 
https://newsbryansk.ru/ 
https://gordeevka-udarnik.ru/ 
http://bryansk-news.net/ 
http://xn----7sbemcagqeo2b3bkwe.xn--p1ai/ 
https://www.pravda-sevsk.ru/ 
https://xn----7sbhfgccreo6a7begpd.xn--p1ai/ 
https://riastrela.ru/ 
https://gazeta-rognedino.ru/ 
https://xn----7sbtbdcdmhvgcb8bmq8a0k2b.xn--p1ai/ 
https://manturovo-press.ru/ 
https://www.rosniva.ru/ 
http://golosrayona.ru/ 
https://www.gazeta-navlya.ru/ 
https://plamya-truda.ru/ 
http://xn----8sbokuthjac.xn--p1ai/ 
http://pochepgazeta.ru/ 
http://xn--80aeincyabfeboxo2k.xn--p1ai/ 
https://www.br-tvr.ru/ 
http://xn----8sbemcppzibugejf.xn--p1ai/ 
http://xn----9sbekcoejb1byamgek5myb.xn--p1ai/ 
http://xn----7sbbhmukb0ad4b7eue.xn--p1ai/ 
http://xn----7sbbaboppw3ajb4bv9pe.xn--p1ai/ 
http://xn----8sbafm2bqfbdve.xn--p1ai/ 
https://xn----8sbec2bdvbdseuk1d.xn--p1ai/ 
http://znamya-pobedi.ru/ 
http://www.krasnogorskaya-zhizn.ru/ 
https://sekunda.media/ 
https://bryansktoday.ru/ 
https://vipvkurske.com/ 
http://echonedeli.ru/ 
http://pristenpressa.ru/ 
https://unecha-gazeta.ru/ 
https://ferumnews.ru/ 
https://raybudni.ru/ 
https://gorod-kursk.ru/ 
http://newauto46.ru/ 
https://www.kprf-kursk.ru/ 
https://moyareklama.ru/ 
https://solovei.info/ 
http://belovskiezori.ru/ 
http://xn----ctbbfecaxdprqeob4bis.xn--p1ai/ 
http://xn-----flcdcg2bhnieaebgkgcru0a4i8bj.xn--p1ai/ 
http://kurskweek.com/ 
https://themediacity.ru/ 
http://kurinfo.ru/ 
https://vkurske.com/ 
http://xn--80aaajllyo6c2h.xn--p1ai/ 
https://moe-kursk.ru/ 
http://xn----ctbbblrdlg0afgb8aiq0n.xn--p1ai/
